<?xml version="1.0" encoding="UTF-8"?>
<testng-results ignored="0" total="1" passed="1" failed="0" skipped="0">
  <reporter-output>
  </reporter-output>
  <suite started-at="2024-07-08T00:02:55 IST" name="Default suite" finished-at="2024-07-08T00:03:08 IST" duration-ms="13155">
    <groups>
    </groups>
    <test started-at="2024-07-08T00:02:55 IST" name="Default test" finished-at="2024-07-08T00:03:08 IST" duration-ms="13155">
      <class name="SDET201_Assignment_6.upload">
        <test-method is-config="true" signature="bt()[pri:0, instance:SDET201_Assignment_6.upload@6574a52c]" started-at="2024-07-08T00:02:55 IST" name="bt" finished-at="2024-07-08T00:03:06 IST" duration-ms="10697" status="PASS">
          <reporter-output>
          </reporter-output>
        </test-method> <!-- bt -->
        <test-method signature="task()[pri:0, instance:SDET201_Assignment_6.upload@6574a52c]" started-at="2024-07-08T00:03:06 IST" name="task" finished-at="2024-07-08T00:03:08 IST" duration-ms="2351" status="PASS">
          <reporter-output>
          </reporter-output>
        </test-method> <!-- task -->
      </class> <!-- SDET201_Assignment_6.upload -->
    </test> <!-- Default test -->
  </suite> <!-- Default suite -->
</testng-results>
